
==================================================
[2025-08-09 01:08:29 UTC] New Check-in Session
==================================================
Request at: 09/08/2025 01:08:28
	Response: {"retcode":0,"message":"OK","data":{"code":"ok","first_bind":false,"gt_result":{"risk_code":0,"gt":"","challenge":"","success":0,"is_risk":false}}}

==================================================
[2025-08-08 01:14:38 UTC] New Check-in Session
==================================================
Request at: 08/08/2025 01:14:37
	Response: {"retcode":0,"message":"OK","data":{"code":"ok","first_bind":false,"gt_result":{"risk_code":0,"gt":"","challenge":"","success":0,"is_risk":false}}}

==================================================
[2025-08-07 01:15:03 UTC] New Check-in Session
==================================================
Request at: 07/08/2025 01:15:02
	Response: {"retcode":0,"message":"OK","data":{"code":"ok","first_bind":false,"gt_result":{"risk_code":0,"gt":"","challenge":"","success":0,"is_risk":false}}}

==================================================
[2025-08-06 01:14:42 UTC] New Check-in Session
==================================================
Request at: 06/08/2025 01:14:41
	Response: {"retcode":0,"message":"OK","data":{"code":"ok","first_bind":false,"gt_result":{"risk_code":0,"gt":"","challenge":"","success":0,"is_risk":false}}}

==================================================
[2025-08-05 01:15:58 UTC] New Check-in Session
==================================================
Request at: 05/08/2025 01:15:58
	Response: {"data":null,"message":"Traveler, you've already checked in today~","retcode":-5003}

==================================================
[2025-08-04 19:35:56 UTC] New Check-in Session
==================================================
Request at: 04/08/2025 19:35:56
	Response: {"retcode":0,"message":"OK","data":{"code":"ok","first_bind":false,"gt_result":{"risk_code":0,"gt":"","challenge":"","success":0,"is_risk":false}}}

==================================================
[2025-08-04 01:19:23 UTC] New Check-in Session
==================================================
Request at: 04/08/2025 01:19:23
	Response: {"retcode":0,"message":"OK","data":{"code":"ok","first_bind":false,"gt_result":{"risk_code":0,"gt":"","challenge":"","success":0,"is_risk":false}}}

==================================================
[2025-08-03 11:06:34 UTC] New Check-in Session
==================================================
Request at: 03/08/2025 11:06:34
	Response: {"data":null,"message":"Traveler, you've already checked in today~","retcode":-5003}
==================================================
[2025-08-03 11:03:41 UTC] New Check-in Session
==================================================
Request at: 03/08/2025 11:03:40
	Response: {"data":null,"message":"Traveler, you've already checked in today~","retcode":-5003}